 --------------------------------------------------------------------------------
                                                            
                                 =============              
                                 FRET EMBEDLAB              
                                 =============              
                                                            
                                                            
 
 --------------------------------------------------------------------------------
 
                         Program by Pablo Grobas Illobre
                       with contributions by Sveva Sodomaco
 
 --------------------------------------------------------------------------------
 
                       Input File:  oli.inp
                       Output File: oli.log

                       OMP Threads:     0
 
 --------------------------------------------------------------------------------
                       Calculation          : aceptor_donor
 --------------------------------------------------------------------------------

                                                       Mensa?
                                                            -- S. Sodomaco

 --------------------------------------------------------------------------------

                                                CPU Time:     0 h  0 min  0 sec
                                            Elapsed Time:     0 h  0 min  0 sec

 --------------------------------------------------------------------------------

     Normal Termination of FRET_Embedlab program in date 17/10/2023 at 17:01:34  

 --------------------------------------------------------------------------------
